android/DFSDFSD/build/intermediates/manifest_merge_blame_file/debug/manifest-merger-blame-debug-report.txt
1<?xml version="1.0" encoding="utf-8"?>
2<!-- GENERATED BY UNITY. REMOVE THIS COMMENT TO PREVENT OVERWRITING WHEN EXPORTING AGAIN -->
3<manifest xmlns:android="http://schemas.android.com/apk/res/android"
4    xmlns:tools="http://schemas.android.com/tools"
5    package="com.unity3d.player"
6    android:versionCode="1"
7    android:versionName="1.0" >
8
9    <uses-sdk
10        android:minSdkVersion="24"
10-->src\main\AndroidManifest.xml
11        android:targetSdkVersion="29" />
11-->src\main\AndroidManifest.xml
12
13    <uses-feature android:glEsVersion="0x00020000" />
13-->src\main\AndroidManifest.xml:18:3-52
13-->src\main\AndroidManifest.xml:18:17-49
14
15    <uses-permission android:name="android.permission.INTERNET" />
15-->src\main\AndroidManifest.xml:19:3-65
15-->src\main\AndroidManifest.xml:19:20-62
16
17    <uses-feature
17-->src\main\AndroidManifest.xml:20:3-88
18        android:name="android.hardware.touchscreen"
18-->src\main\AndroidManifest.xml:20:17-60
19        android:required="false" />
19-->src\main\AndroidManifest.xml:20:61-85
20    <uses-feature
20-->src\main\AndroidManifest.xml:21:3-99
21        android:name="android.hardware.touchscreen.multitouch"
21-->src\main\AndroidManifest.xml:21:17-71
22        android:required="false" />
22-->src\main\AndroidManifest.xml:21:72-96
23    <uses-feature
23-->src\main\AndroidManifest.xml:22:3-108
24        android:name="android.hardware.touchscreen.multitouch.distinct"
24-->src\main\AndroidManifest.xml:22:17-80
25        android:required="false" />
25-->src\main\AndroidManifest.xml:22:81-105
26
27    <application>
27-->src\main\AndroidManifest.xml:4:3-17:17
28        <activity
28-->src\main\AndroidManifest.xml:5:5-12:16
29            android:name="com.unity3d.player.UnityPlayerActivity"
29-->src\main\AndroidManifest.xml:5:15-68
30            android:configChanges="mcc|mnc|locale|touchscreen|keyboard|keyboardHidden|navigation|orientation|screenLayout|uiMode|screenSize|smallestScreenSize|fontScale|layoutDirection|density"
30-->src\main\AndroidManifest.xml:5:140-321
31            android:hardwareAccelerated="false"
31-->src\main\AndroidManifest.xml:5:322-357
32            android:launchMode="singleTask"
32-->src\main\AndroidManifest.xml:5:108-139
33            android:screenOrientation="fullSensor" >
33-->src\main\AndroidManifest.xml:5:69-107
34            <intent-filter>
34-->src\main\AndroidManifest.xml:6:7-9:23
35                <action android:name="android.intent.action.MAIN" />
35-->src\main\AndroidManifest.xml:7:9-61
35-->src\main\AndroidManifest.xml:7:17-58
36
37                <category android:name="android.intent.category.LAUNCHER" />
37-->src\main\AndroidManifest.xml:8:9-69
37-->src\main\AndroidManifest.xml:8:19-66
38            </intent-filter>
39
40            <meta-data
40-->src\main\AndroidManifest.xml:10:7-82
41                android:name="unityplayer.UnityActivity"
41-->src\main\AndroidManifest.xml:10:18-58
42                android:value="true" />
42-->src\main\AndroidManifest.xml:10:59-79
43            <meta-data
43-->src\main\AndroidManifest.xml:11:7-78
44                android:name="android.notch_support"
44-->src\main\AndroidManifest.xml:11:18-54
45                android:value="true" />
45-->src\main\AndroidManifest.xml:11:55-75
46        </activity>
47
48        <meta-data
48-->src\main\AndroidManifest.xml:13:5-69
49            android:name="unity.splash-mode"
49-->src\main\AndroidManifest.xml:13:16-48
50            android:value="0" />
50-->src\main\AndroidManifest.xml:13:49-66
51        <meta-data
51-->src\main\AndroidManifest.xml:14:5-74
52            android:name="unity.splash-enable"
52-->src\main\AndroidManifest.xml:14:16-50
53            android:value="True" />
53-->src\main\AndroidManifest.xml:14:51-71
54        <meta-data
54-->src\main\AndroidManifest.xml:15:5-81
55            android:name="notch.config"
55-->src\main\AndroidManifest.xml:15:16-43
56            android:value="portrait|landscape" />
56-->src\main\AndroidManifest.xml:15:44-78
57        <meta-data
57-->src\main\AndroidManifest.xml:16:5-101
58            android:name="unity.build-id"
58-->src\main\AndroidManifest.xml:16:16-45
59            android:value="e56fc49c-5762-4aa6-84e6-e2ce39006fef" />
59-->src\main\AndroidManifest.xml:16:46-98
60    </application>
61
62</manifest>